2023-01-04 13:55:06.756  INFO 14032 --- [main] com.example.ademo.mapper.UserMapperTest  : Starting UserMapperTest using Java 15.0.2 on DESKTOP-24TA0GO with PID 14032 (started by 11195 in C:\Users\11195\IdeaProjects\JavaEE_advanced\ademo)
2023-01-04 13:55:06.765 DEBUG 14032 --- [main] com.example.ademo.mapper.UserMapperTest  : Running with Spring Boot v2.7.6, Spring v5.3.24
2023-01-04 13:55:06.766  INFO 14032 --- [main] com.example.ademo.mapper.UserMapperTest  : The following 1 profile is active: "dev"
2023-01-04 13:55:08.333  INFO 14032 --- [main] c.a.d.s.b.a.DruidDataSourceAutoConfigure : Init DruidDataSource
2023-01-04 13:55:08.627  INFO 14032 --- [main] com.alibaba.druid.pool.DruidDataSource   : {dataSource-1} inited
2023-01-04 13:55:10.456  INFO 14032 --- [main] com.example.ademo.mapper.UserMapperTest  : Started UserMapperTest in 4.305 seconds (JVM running for 5.901)
2023-01-04 13:55:11.839  INFO 14032 --- [SpringApplicationShutdownHook] com.alibaba.druid.pool.DruidDataSource   : {dataSource-1} closing ...
2023-01-04 13:55:11.848  INFO 14032 --- [SpringApplicationShutdownHook] com.alibaba.druid.pool.DruidDataSource   : {dataSource-1} closed
2023-01-04 13:56:48.949  INFO 33440 --- [main] com.example.ademo.mapper.UserMapperTest  : Starting UserMapperTest using Java 15.0.2 on DESKTOP-24TA0GO with PID 33440 (started by 11195 in C:\Users\11195\IdeaProjects\JavaEE_advanced\ademo)
2023-01-04 13:56:48.949 DEBUG 33440 --- [main] com.example.ademo.mapper.UserMapperTest  : Running with Spring Boot v2.7.6, Spring v5.3.24
2023-01-04 13:56:48.950  INFO 33440 --- [main] com.example.ademo.mapper.UserMapperTest  : The following 1 profile is active: "dev"
2023-01-04 13:56:50.250  INFO 33440 --- [main] c.a.d.s.b.a.DruidDataSourceAutoConfigure : Init DruidDataSource
2023-01-04 13:56:50.438  INFO 33440 --- [main] com.alibaba.druid.pool.DruidDataSource   : {dataSource-1} inited
2023-01-04 13:56:51.822  INFO 33440 --- [main] com.example.ademo.mapper.UserMapperTest  : Started UserMapperTest in 3.293 seconds (JVM running for 4.528)
2023-01-04 13:56:52.921  INFO 33440 --- [SpringApplicationShutdownHook] com.alibaba.druid.pool.DruidDataSource   : {dataSource-1} closing ...
2023-01-04 13:56:52.929  INFO 33440 --- [SpringApplicationShutdownHook] com.alibaba.druid.pool.DruidDataSource   : {dataSource-1} closed
2023-01-04 13:57:53.016  INFO 34420 --- [main] com.example.ademo.mapper.UserMapperTest  : Starting UserMapperTest using Java 15.0.2 on DESKTOP-24TA0GO with PID 34420 (started by 11195 in C:\Users\11195\IdeaProjects\JavaEE_advanced\ademo)
2023-01-04 13:57:53.017 DEBUG 34420 --- [main] com.example.ademo.mapper.UserMapperTest  : Running with Spring Boot v2.7.6, Spring v5.3.24
2023-01-04 13:57:53.018  INFO 34420 --- [main] com.example.ademo.mapper.UserMapperTest  : The following 1 profile is active: "dev"
2023-01-04 13:57:54.180  INFO 34420 --- [main] c.a.d.s.b.a.DruidDataSourceAutoConfigure : Init DruidDataSource
2023-01-04 13:57:54.408  INFO 34420 --- [main] com.alibaba.druid.pool.DruidDataSource   : {dataSource-1} inited
2023-01-04 13:57:55.940  INFO 34420 --- [main] com.example.ademo.mapper.UserMapperTest  : Started UserMapperTest in 3.312 seconds (JVM running for 4.452)
2023-01-04 13:57:57.267  INFO 34420 --- [SpringApplicationShutdownHook] com.alibaba.druid.pool.DruidDataSource   : {dataSource-1} closing ...
2023-01-04 13:57:57.275  INFO 34420 --- [SpringApplicationShutdownHook] com.alibaba.druid.pool.DruidDataSource   : {dataSource-1} closed
2023-01-04 13:58:04.274  INFO 23816 --- [main] com.example.ademo.mapper.UserMapperTest  : Starting UserMapperTest using Java 15.0.2 on DESKTOP-24TA0GO with PID 23816 (started by 11195 in C:\Users\11195\IdeaProjects\JavaEE_advanced\ademo)
2023-01-04 13:58:04.275 DEBUG 23816 --- [main] com.example.ademo.mapper.UserMapperTest  : Running with Spring Boot v2.7.6, Spring v5.3.24
2023-01-04 13:58:04.276  INFO 23816 --- [main] com.example.ademo.mapper.UserMapperTest  : The following 1 profile is active: "dev"
2023-01-04 13:58:05.871  INFO 23816 --- [main] c.a.d.s.b.a.DruidDataSourceAutoConfigure : Init DruidDataSource
2023-01-04 13:58:06.133  INFO 23816 --- [main] com.alibaba.druid.pool.DruidDataSource   : {dataSource-1} inited
2023-01-04 13:58:07.719  INFO 23816 --- [main] com.example.ademo.mapper.UserMapperTest  : Started UserMapperTest in 3.909 seconds (JVM running for 5.329)
2023-01-04 13:58:08.832  INFO 23816 --- [SpringApplicationShutdownHook] com.alibaba.druid.pool.DruidDataSource   : {dataSource-1} closing ...
2023-01-04 13:58:08.840  INFO 23816 --- [SpringApplicationShutdownHook] com.alibaba.druid.pool.DruidDataSource   : {dataSource-1} closed
2023-01-04 13:58:44.173  INFO 17100 --- [main] com.example.ademo.mapper.UserMapperTest  : Starting UserMapperTest using Java 15.0.2 on DESKTOP-24TA0GO with PID 17100 (started by 11195 in C:\Users\11195\IdeaProjects\JavaEE_advanced\ademo)
2023-01-04 13:58:44.175 DEBUG 17100 --- [main] com.example.ademo.mapper.UserMapperTest  : Running with Spring Boot v2.7.6, Spring v5.3.24
2023-01-04 13:58:44.175  INFO 17100 --- [main] com.example.ademo.mapper.UserMapperTest  : The following 1 profile is active: "dev"
2023-01-04 13:58:45.795  INFO 17100 --- [main] c.a.d.s.b.a.DruidDataSourceAutoConfigure : Init DruidDataSource
2023-01-04 13:58:46.140  INFO 17100 --- [main] com.alibaba.druid.pool.DruidDataSource   : {dataSource-1} inited
2023-01-04 13:58:48.206  INFO 17100 --- [main] com.example.ademo.mapper.UserMapperTest  : Started UserMapperTest in 4.623 seconds (JVM running for 6.549)
2023-01-04 13:58:49.665  INFO 17100 --- [SpringApplicationShutdownHook] com.alibaba.druid.pool.DruidDataSource   : {dataSource-1} closing ...
2023-01-04 13:58:49.672  INFO 17100 --- [SpringApplicationShutdownHook] com.alibaba.druid.pool.DruidDataSource   : {dataSource-1} closed
