2022-11-26 13:55:29.024  INFO 9000 --- [restartedMain] c.f.springboot1.Springboot1Application   : Starting Springboot1Application using Java 15.0.2 on DESKTOP-24TA0GO with PID 9000 (C:\Users\11195\IdeaProjects\JavaEE_advanced\springboot-1\target\classes started by 11195 in C:\Users\11195\IdeaProjects\JavaEE_advanced\springboot-1)
2022-11-26 13:55:29.032  INFO 9000 --- [restartedMain] c.f.springboot1.Springboot1Application   : The following 1 profile is active: "dev"
2022-11-26 13:55:29.116  INFO 9000 --- [restartedMain] .e.DevToolsPropertyDefaultsPostProcessor : Devtools property defaults active! Set 'spring.devtools.add-properties' to 'false' to disable
2022-11-26 13:55:29.116  INFO 9000 --- [restartedMain] .e.DevToolsPropertyDefaultsPostProcessor : For additional web related logging consider setting the 'logging.level.web' property to 'DEBUG'
2022-11-26 13:55:31.034  INFO 9000 --- [restartedMain] o.s.b.w.embedded.tomcat.TomcatWebServer  : Tomcat initialized with port(s): 80 (http)
2022-11-26 13:55:31.042  INFO 9000 --- [restartedMain] o.apache.catalina.core.StandardService   : Starting service [Tomcat]
2022-11-26 13:55:31.043  INFO 9000 --- [restartedMain] org.apache.catalina.core.StandardEngine  : Starting Servlet engine: [Apache Tomcat/9.0.68]
2022-11-26 13:55:31.124  INFO 9000 --- [restartedMain] o.a.c.c.C.[Tomcat].[localhost].[/]       : Initializing Spring embedded WebApplicationContext
2022-11-26 13:55:31.124  INFO 9000 --- [restartedMain] w.s.c.ServletWebServerApplicationContext : Root WebApplicationContext: initialization completed in 2007 ms
2022-11-26 13:55:31.306  INFO 9000 --- [restartedMain] c.a.d.s.b.a.DruidDataSourceAutoConfigure : Init DruidDataSource
2022-11-26 13:55:31.442  INFO 9000 --- [restartedMain] com.alibaba.druid.pool.DruidDataSource   : {dataSource-1} inited
2022-11-26 13:55:32.256  INFO 9000 --- [restartedMain] o.s.b.d.a.OptionalLiveReloadServer       : LiveReload server is running on port 35729
2022-11-26 13:55:32.335  INFO 9000 --- [restartedMain] o.s.b.w.embedded.tomcat.TomcatWebServer  : Tomcat started on port(s): 80 (http) with context path ''
2022-11-26 13:55:32.352  INFO 9000 --- [restartedMain] c.f.springboot1.Springboot1Application   : Started Springboot1Application in 3.785 seconds (JVM running for 4.604)
2022-11-26 13:55:47.108  INFO 9000 --- [http-nio-80-exec-1] o.a.c.c.C.[Tomcat].[localhost].[/]       : Initializing Spring DispatcherServlet 'dispatcherServlet'
2022-11-26 13:55:47.108  INFO 9000 --- [http-nio-80-exec-1] o.s.web.servlet.DispatcherServlet        : Initializing Servlet 'dispatcherServlet'
2022-11-26 13:55:47.110  INFO 9000 --- [http-nio-80-exec-1] o.s.web.servlet.DispatcherServlet        : Completed initialization in 1 ms
2022-11-26 13:57:36.684  INFO 9000 --- [SpringApplicationShutdownHook] com.alibaba.druid.pool.DruidDataSource   : {dataSource-1} closing ...
2022-11-26 13:57:36.686  INFO 9000 --- [SpringApplicationShutdownHook] com.alibaba.druid.pool.DruidDataSource   : {dataSource-1} closed
2022-11-26 13:57:41.905  INFO 812 --- [restartedMain] c.f.springboot1.Springboot1Application   : Starting Springboot1Application using Java 15.0.2 on DESKTOP-24TA0GO with PID 812 (C:\Users\11195\IdeaProjects\JavaEE_advanced\springboot-1\target\classes started by 11195 in C:\Users\11195\IdeaProjects\JavaEE_advanced\springboot-1)
2022-11-26 13:57:41.907  INFO 812 --- [restartedMain] c.f.springboot1.Springboot1Application   : The following 1 profile is active: "dev"
2022-11-26 13:57:41.958  INFO 812 --- [restartedMain] .e.DevToolsPropertyDefaultsPostProcessor : Devtools property defaults active! Set 'spring.devtools.add-properties' to 'false' to disable
2022-11-26 13:57:41.958  INFO 812 --- [restartedMain] .e.DevToolsPropertyDefaultsPostProcessor : For additional web related logging consider setting the 'logging.level.web' property to 'DEBUG'
2022-11-26 13:57:43.053  INFO 812 --- [restartedMain] o.s.b.w.embedded.tomcat.TomcatWebServer  : Tomcat initialized with port(s): 80 (http)
2022-11-26 13:57:43.062  INFO 812 --- [restartedMain] o.apache.catalina.core.StandardService   : Starting service [Tomcat]
2022-11-26 13:57:43.062  INFO 812 --- [restartedMain] org.apache.catalina.core.StandardEngine  : Starting Servlet engine: [Apache Tomcat/9.0.68]
2022-11-26 13:57:43.171  INFO 812 --- [restartedMain] o.a.c.c.C.[Tomcat].[localhost].[/]       : Initializing Spring embedded WebApplicationContext
2022-11-26 13:57:43.172  INFO 812 --- [restartedMain] w.s.c.ServletWebServerApplicationContext : Root WebApplicationContext: initialization completed in 1214 ms
2022-11-26 13:57:43.369  INFO 812 --- [restartedMain] c.a.d.s.b.a.DruidDataSourceAutoConfigure : Init DruidDataSource
2022-11-26 13:57:43.496  INFO 812 --- [restartedMain] com.alibaba.druid.pool.DruidDataSource   : {dataSource-1} inited
2022-11-26 13:57:44.123  INFO 812 --- [restartedMain] o.s.b.d.a.OptionalLiveReloadServer       : LiveReload server is running on port 35729
2022-11-26 13:57:44.179  INFO 812 --- [restartedMain] o.s.b.w.embedded.tomcat.TomcatWebServer  : Tomcat started on port(s): 80 (http) with context path ''
2022-11-26 13:57:44.192  INFO 812 --- [restartedMain] c.f.springboot1.Springboot1Application   : Started Springboot1Application in 2.783 seconds (JVM running for 3.577)
2022-11-26 13:57:47.434  INFO 812 --- [http-nio-80-exec-1] o.a.c.c.C.[Tomcat].[localhost].[/]       : Initializing Spring DispatcherServlet 'dispatcherServlet'
2022-11-26 13:57:47.435  INFO 812 --- [http-nio-80-exec-1] o.s.web.servlet.DispatcherServlet        : Initializing Servlet 'dispatcherServlet'
2022-11-26 13:57:47.437  INFO 812 --- [http-nio-80-exec-1] o.s.web.servlet.DispatcherServlet        : Completed initialization in 2 ms
2022-11-26 14:22:43.337  INFO 812 --- [SpringApplicationShutdownHook] com.alibaba.druid.pool.DruidDataSource   : {dataSource-1} closing ...
2022-11-26 14:22:43.339  INFO 812 --- [SpringApplicationShutdownHook] com.alibaba.druid.pool.DruidDataSource   : {dataSource-1} closed
2022-11-26 14:30:08.007  INFO 17476 --- [restartedMain] c.f.springboot1.Springboot1Application   : Starting Springboot1Application using Java 15.0.2 on DESKTOP-24TA0GO with PID 17476 (C:\Users\11195\IdeaProjects\JavaEE_advanced\springboot-1\target\classes started by 11195 in C:\Users\11195\IdeaProjects\JavaEE_advanced\springboot-1)
2022-11-26 14:30:08.008  INFO 17476 --- [restartedMain] c.f.springboot1.Springboot1Application   : The following 1 profile is active: "dev"
2022-11-26 14:30:08.047  INFO 17476 --- [restartedMain] .e.DevToolsPropertyDefaultsPostProcessor : Devtools property defaults active! Set 'spring.devtools.add-properties' to 'false' to disable
2022-11-26 14:30:08.048  INFO 17476 --- [restartedMain] .e.DevToolsPropertyDefaultsPostProcessor : For additional web related logging consider setting the 'logging.level.web' property to 'DEBUG'
2022-11-26 14:30:09.192  INFO 17476 --- [restartedMain] o.s.b.w.embedded.tomcat.TomcatWebServer  : Tomcat initialized with port(s): 80 (http)
2022-11-26 14:30:09.207  INFO 17476 --- [restartedMain] o.apache.catalina.core.StandardService   : Starting service [Tomcat]
2022-11-26 14:30:09.208  INFO 17476 --- [restartedMain] org.apache.catalina.core.StandardEngine  : Starting Servlet engine: [Apache Tomcat/9.0.68]
2022-11-26 14:30:09.317  INFO 17476 --- [restartedMain] o.a.c.c.C.[Tomcat].[localhost].[/]       : Initializing Spring embedded WebApplicationContext
2022-11-26 14:30:09.318  INFO 17476 --- [restartedMain] w.s.c.ServletWebServerApplicationContext : Root WebApplicationContext: initialization completed in 1270 ms
2022-11-26 14:30:09.559  INFO 17476 --- [restartedMain] c.a.d.s.b.a.DruidDataSourceAutoConfigure : Init DruidDataSource
2022-11-26 14:30:09.682  INFO 17476 --- [restartedMain] com.alibaba.druid.pool.DruidDataSource   : {dataSource-1} inited
2022-11-26 14:30:10.195  INFO 17476 --- [restartedMain] o.s.b.d.a.OptionalLiveReloadServer       : LiveReload server is running on port 35729
2022-11-26 14:30:10.235  INFO 17476 --- [restartedMain] o.s.b.w.embedded.tomcat.TomcatWebServer  : Tomcat started on port(s): 80 (http) with context path ''
2022-11-26 14:30:10.245  INFO 17476 --- [restartedMain] c.f.springboot1.Springboot1Application   : Started Springboot1Application in 2.631 seconds (JVM running for 3.308)
2022-11-26 14:30:11.984  INFO 17476 --- [http-nio-80-exec-1] o.a.c.c.C.[Tomcat].[localhost].[/]       : Initializing Spring DispatcherServlet 'dispatcherServlet'
2022-11-26 14:30:11.984  INFO 17476 --- [http-nio-80-exec-1] o.s.web.servlet.DispatcherServlet        : Initializing Servlet 'dispatcherServlet'
2022-11-26 14:30:11.986  INFO 17476 --- [http-nio-80-exec-1] o.s.web.servlet.DispatcherServlet        : Completed initialization in 1 ms
2022-11-26 14:47:22.527  INFO 17476 --- [SpringApplicationShutdownHook] com.alibaba.druid.pool.DruidDataSource   : {dataSource-1} closing ...
2022-11-26 14:47:22.528  INFO 17476 --- [SpringApplicationShutdownHook] com.alibaba.druid.pool.DruidDataSource   : {dataSource-1} closed
2022-11-26 14:58:58.309  INFO 10324 --- [restartedMain] c.f.springboot1.Springboot1Application   : Starting Springboot1Application using Java 15.0.2 on DESKTOP-24TA0GO with PID 10324 (C:\Users\11195\IdeaProjects\JavaEE_advanced\springboot-1\target\classes started by 11195 in C:\Users\11195\IdeaProjects\JavaEE_advanced\springboot-1)
2022-11-26 14:58:58.311  INFO 10324 --- [restartedMain] c.f.springboot1.Springboot1Application   : The following 1 profile is active: "dev"
2022-11-26 14:58:58.360  INFO 10324 --- [restartedMain] .e.DevToolsPropertyDefaultsPostProcessor : Devtools property defaults active! Set 'spring.devtools.add-properties' to 'false' to disable
2022-11-26 14:58:58.361  INFO 10324 --- [restartedMain] .e.DevToolsPropertyDefaultsPostProcessor : For additional web related logging consider setting the 'logging.level.web' property to 'DEBUG'
2022-11-26 14:58:59.573  INFO 10324 --- [restartedMain] o.s.b.w.embedded.tomcat.TomcatWebServer  : Tomcat initialized with port(s): 80 (http)
2022-11-26 14:58:59.580  INFO 10324 --- [restartedMain] o.apache.catalina.core.StandardService   : Starting service [Tomcat]
2022-11-26 14:58:59.580  INFO 10324 --- [restartedMain] org.apache.catalina.core.StandardEngine  : Starting Servlet engine: [Apache Tomcat/9.0.68]
2022-11-26 14:58:59.653  INFO 10324 --- [restartedMain] o.a.c.c.C.[Tomcat].[localhost].[/]       : Initializing Spring embedded WebApplicationContext
2022-11-26 14:58:59.653  INFO 10324 --- [restartedMain] w.s.c.ServletWebServerApplicationContext : Root WebApplicationContext: initialization completed in 1292 ms
2022-11-26 14:58:59.765  INFO 10324 --- [restartedMain] c.a.d.s.b.a.DruidDataSourceAutoConfigure : Init DruidDataSource
2022-11-26 14:58:59.870  INFO 10324 --- [restartedMain] com.alibaba.druid.pool.DruidDataSource   : {dataSource-1} inited
2022-11-26 14:59:00.334  INFO 10324 --- [restartedMain] o.s.b.d.a.OptionalLiveReloadServer       : LiveReload server is running on port 35729
2022-11-26 14:59:00.374  INFO 10324 --- [restartedMain] o.s.b.w.embedded.tomcat.TomcatWebServer  : Tomcat started on port(s): 80 (http) with context path ''
2022-11-26 14:59:00.384  INFO 10324 --- [restartedMain] c.f.springboot1.Springboot1Application   : Started Springboot1Application in 2.506 seconds (JVM running for 3.315)
2022-11-26 14:59:33.780  INFO 10324 --- [http-nio-80-exec-1] o.apache.coyote.http11.Http11Processor   : Error parsing HTTP request header
 Note: further occurrences of HTTP request parsing errors will be logged at DEBUG level.

java.lang.IllegalArgumentException: Invalid character found in the request target [/user/login?{} ]. The valid characters are defined in RFC 7230 and RFC 3986
	at org.apache.coyote.http11.Http11InputBuffer.parseRequestLine(Http11InputBuffer.java:494) ~[tomcat-embed-core-9.0.68.jar:9.0.68]
	at org.apache.coyote.http11.Http11Processor.service(Http11Processor.java:271) ~[tomcat-embed-core-9.0.68.jar:9.0.68]
	at org.apache.coyote.AbstractProcessorLight.process(AbstractProcessorLight.java:65) ~[tomcat-embed-core-9.0.68.jar:9.0.68]
	at org.apache.coyote.AbstractProtocol$ConnectionHandler.process(AbstractProtocol.java:893) ~[tomcat-embed-core-9.0.68.jar:9.0.68]
	at org.apache.tomcat.util.net.NioEndpoint$SocketProcessor.doRun(NioEndpoint.java:1789) ~[tomcat-embed-core-9.0.68.jar:9.0.68]
	at org.apache.tomcat.util.net.SocketProcessorBase.run(SocketProcessorBase.java:49) ~[tomcat-embed-core-9.0.68.jar:9.0.68]
	at org.apache.tomcat.util.threads.ThreadPoolExecutor.runWorker(ThreadPoolExecutor.java:1191) ~[tomcat-embed-core-9.0.68.jar:9.0.68]
	at org.apache.tomcat.util.threads.ThreadPoolExecutor$Worker.run(ThreadPoolExecutor.java:659) ~[tomcat-embed-core-9.0.68.jar:9.0.68]
	at org.apache.tomcat.util.threads.TaskThread$WrappingRunnable.run(TaskThread.java:61) ~[tomcat-embed-core-9.0.68.jar:9.0.68]
	at java.base/java.lang.Thread.run(Thread.java:832) ~[na:na]

2022-11-26 15:00:17.945  INFO 10324 --- [http-nio-80-exec-2] o.a.c.c.C.[Tomcat].[localhost].[/]       : Initializing Spring DispatcherServlet 'dispatcherServlet'
2022-11-26 15:00:17.945  INFO 10324 --- [http-nio-80-exec-2] o.s.web.servlet.DispatcherServlet        : Initializing Servlet 'dispatcherServlet'
2022-11-26 15:00:17.946  INFO 10324 --- [http-nio-80-exec-2] o.s.web.servlet.DispatcherServlet        : Completed initialization in 1 ms
2022-11-26 15:01:34.681  INFO 10324 --- [SpringApplicationShutdownHook] com.alibaba.druid.pool.DruidDataSource   : {dataSource-1} closing ...
2022-11-26 15:01:34.682  INFO 10324 --- [SpringApplicationShutdownHook] com.alibaba.druid.pool.DruidDataSource   : {dataSource-1} closed
2022-11-26 15:01:37.492  INFO 15112 --- [restartedMain] c.f.springboot1.Springboot1Application   : Starting Springboot1Application using Java 15.0.2 on DESKTOP-24TA0GO with PID 15112 (C:\Users\11195\IdeaProjects\JavaEE_advanced\springboot-1\target\classes started by 11195 in C:\Users\11195\IdeaProjects\JavaEE_advanced\springboot-1)
2022-11-26 15:01:37.493  INFO 15112 --- [restartedMain] c.f.springboot1.Springboot1Application   : The following 1 profile is active: "dev"
2022-11-26 15:01:37.538  INFO 15112 --- [restartedMain] .e.DevToolsPropertyDefaultsPostProcessor : Devtools property defaults active! Set 'spring.devtools.add-properties' to 'false' to disable
2022-11-26 15:01:37.538  INFO 15112 --- [restartedMain] .e.DevToolsPropertyDefaultsPostProcessor : For additional web related logging consider setting the 'logging.level.web' property to 'DEBUG'
2022-11-26 15:01:38.486  INFO 15112 --- [restartedMain] o.s.b.w.embedded.tomcat.TomcatWebServer  : Tomcat initialized with port(s): 80 (http)
2022-11-26 15:01:38.493  INFO 15112 --- [restartedMain] o.apache.catalina.core.StandardService   : Starting service [Tomcat]
2022-11-26 15:01:38.493  INFO 15112 --- [restartedMain] org.apache.catalina.core.StandardEngine  : Starting Servlet engine: [Apache Tomcat/9.0.68]
2022-11-26 15:01:38.567  INFO 15112 --- [restartedMain] o.a.c.c.C.[Tomcat].[localhost].[/]       : Initializing Spring embedded WebApplicationContext
2022-11-26 15:01:38.567  INFO 15112 --- [restartedMain] w.s.c.ServletWebServerApplicationContext : Root WebApplicationContext: initialization completed in 1028 ms
2022-11-26 15:01:38.693  INFO 15112 --- [restartedMain] c.a.d.s.b.a.DruidDataSourceAutoConfigure : Init DruidDataSource
2022-11-26 15:01:38.798  INFO 15112 --- [restartedMain] com.alibaba.druid.pool.DruidDataSource   : {dataSource-1} inited
2022-11-26 15:01:39.264  INFO 15112 --- [restartedMain] o.s.b.d.a.OptionalLiveReloadServer       : LiveReload server is running on port 35729
2022-11-26 15:01:39.304  INFO 15112 --- [restartedMain] o.s.b.w.embedded.tomcat.TomcatWebServer  : Tomcat started on port(s): 80 (http) with context path ''
2022-11-26 15:01:39.312  INFO 15112 --- [restartedMain] c.f.springboot1.Springboot1Application   : Started Springboot1Application in 2.184 seconds (JVM running for 2.915)
2022-11-26 15:01:51.102  INFO 15112 --- [http-nio-80-exec-1] o.a.c.c.C.[Tomcat].[localhost].[/]       : Initializing Spring DispatcherServlet 'dispatcherServlet'
2022-11-26 15:01:51.103  INFO 15112 --- [http-nio-80-exec-1] o.s.web.servlet.DispatcherServlet        : Initializing Servlet 'dispatcherServlet'
2022-11-26 15:01:51.103  INFO 15112 --- [http-nio-80-exec-1] o.s.web.servlet.DispatcherServlet        : Completed initialization in 0 ms
2022-11-26 15:01:52.029  INFO 15112 --- [http-nio-80-exec-3] o.apache.coyote.http11.Http11Processor   : Error parsing HTTP request header
 Note: further occurrences of HTTP request parsing errors will be logged at DEBUG level.

java.lang.IllegalArgumentException: Invalid character found in the request target [/user/login?{} ]. The valid characters are defined in RFC 7230 and RFC 3986
	at org.apache.coyote.http11.Http11InputBuffer.parseRequestLine(Http11InputBuffer.java:494) ~[tomcat-embed-core-9.0.68.jar:9.0.68]
	at org.apache.coyote.http11.Http11Processor.service(Http11Processor.java:271) ~[tomcat-embed-core-9.0.68.jar:9.0.68]
	at org.apache.coyote.AbstractProcessorLight.process(AbstractProcessorLight.java:65) ~[tomcat-embed-core-9.0.68.jar:9.0.68]
	at org.apache.coyote.AbstractProtocol$ConnectionHandler.process(AbstractProtocol.java:893) ~[tomcat-embed-core-9.0.68.jar:9.0.68]
	at org.apache.tomcat.util.net.NioEndpoint$SocketProcessor.doRun(NioEndpoint.java:1789) ~[tomcat-embed-core-9.0.68.jar:9.0.68]
	at org.apache.tomcat.util.net.SocketProcessorBase.run(SocketProcessorBase.java:49) ~[tomcat-embed-core-9.0.68.jar:9.0.68]
	at org.apache.tomcat.util.threads.ThreadPoolExecutor.runWorker(ThreadPoolExecutor.java:1191) ~[tomcat-embed-core-9.0.68.jar:9.0.68]
	at org.apache.tomcat.util.threads.ThreadPoolExecutor$Worker.run(ThreadPoolExecutor.java:659) ~[tomcat-embed-core-9.0.68.jar:9.0.68]
	at org.apache.tomcat.util.threads.TaskThread$WrappingRunnable.run(TaskThread.java:61) ~[tomcat-embed-core-9.0.68.jar:9.0.68]
	at java.base/java.lang.Thread.run(Thread.java:832) ~[na:na]

